C51 COMPILER V9.60.0.0   DELAY                                                             12/01/2021 09:39:33 PAGE 1   


C51 COMPILER V9.60.0.0, COMPILATION OF MODULE DELAY
OBJECT MODULE PLACED IN .\Output\Delay.obj
COMPILER INVOKED BY: C:\Keil_v5\C51\BIN\C51.EXE Common\Delay.c COMPACT OPTIMIZE(0,SPEED) BROWSE INCDIR(.\Include) DEFINE
                    -(FOSC_160000) DEBUG OBJECTEXTEND PRINT(.\LST\Delay.lst) TABS(2) OBJECT(.\Output\Delay.obj)

line level    source

   1          /*--------------------------------------------------------------------------------------------------------
             --*/
   2          /*                                                                                                        
             - */
   3          /* Copyright(c) 2016 Nuvoton Technology Corp. All rights reserved.                                        
             - */
   4          /*                                                                                                        
             - */
   5          /*--------------------------------------------------------------------------------------------------------
             --*/
   6          
   7          //********************************************************************************************************
             -***
   8          //  Nuvoton Technoledge Corp. 
   9          //  Website: http://www.nuvoton.com
  10          //  E-Mail : MicroC-8bit@nuvoton.com
  11          //  Date   : Apr/21/2016
  12          //********************************************************************************************************
             -***
  13          
  14          #include "N76E003.h"
  15          #include "Common.h"
  16          #include "Delay.h"
  17          #include "SFR_Macro.h"
  18          #include "Function_define.h"
  19          bit BIT_TMP;
  20          
  21          /***********************************************************************************
  22           * 函数名：delay_ms
  23           * 描述  ：ms延时
  24           * 输入  ：无
  25           * 输出  ：无
  26          ************************************************************************************/
  27          void delay_ms(uint32_t nCount)
  28          {
  29   1        uint32_t i;
  30   1        for(i=0;i<nCount;i++)
  31   1        {
  32   2          delay_us(1000);
  33   2        }   
  34   1      }
  35          /***********************************************************************************
  36           * 函数名：delay_us
  37           * 描述  ：us延时
  38           * 输入  ：无
  39           * 输出  ：无
  40          ************************************************************************************/
  41          void delay_us(uint32_t nCount)
  42          {
  43   1        uint32_t i;
  44   1        for(i=0;i<nCount;i++)
  45   1        {
  46   2          _nop_();
  47   2        }
C51 COMPILER V9.60.0.0   DELAY                                                             12/01/2021 09:39:33 PAGE 2   

  48   1      } 
  49          
  50          //-------------------------------------------------------------------------
  51          void Timer0_Delay100us(UINT32 u32CNT)
  52          {
  53   1          clr_T0M;                                    //T0M=0, Timer0 Clock = Fsys/12
  54   1          TMOD |= 0x01;                               //Timer0 is 16-bit mode
  55   1          set_TR0;                                    //Start Timer0
  56   1          while (u32CNT != 0)
  57   1          {
  58   2              TL0 = LOBYTE(TIMER_DIV12_VALUE_100us);  //Find  define in "Function_define.h" "TIMER VALUE"
  59   2              TH0 = HIBYTE(TIMER_DIV12_VALUE_100us);
  60   2              while (TF0 != 1);                       //Check Timer0 Time-Out Flag
  61   2              clr_TF0;
  62   2              u32CNT --;
  63   2          }
  64   1          clr_TR0;                                    //Stop Timer0
  65   1      }
  66          //------------------------------------------------------------------------------
  67          void Timer0_Delay1ms(UINT32 u32CNT)
  68          {
  69   1          clr_T0M;                                    //T0M=0, Timer0 Clock = Fsys/12
  70   1          TMOD |= 0x01;                               //Timer0 is 16-bit mode
  71   1          set_TR0;                                    //Start Timer0
  72   1          while (u32CNT != 0)
  73   1          {
  74   2              TL0 = LOBYTE(TIMER_DIV12_VALUE_1ms);    //Find  define in "Function_define.h" "TIMER VALUE"
  75   2              TH0 = HIBYTE(TIMER_DIV12_VALUE_1ms);
  76   2              while (TF0 != 1);                       //Check Timer0 Time-Out Flag
  77   2              clr_TF0;
  78   2              u32CNT --;
  79   2          }
  80   1          clr_TR0;                                    //Stop Timer0
  81   1      }
  82          
  83          //------------------------------------------------------------------------------
  84          void Timer1_Delay10ms(UINT32 u32CNT)
  85          {
  86   1          clr_T1M;                                    //T1M=0, Timer1 Clock = Fsys/12
  87   1          TMOD |= 0x10;                               //Timer1 is 16-bit mode
  88   1          set_TR1;                                    //Start Timer1
  89   1          while (u32CNT != 0)
  90   1          {
  91   2              TL1 = LOBYTE(TIMER_DIV12_VALUE_10ms);   //Find  define in "Function_define.h" "TIMER VALUE"
  92   2              TH1 = HIBYTE(TIMER_DIV12_VALUE_10ms);
  93   2              while (TF1 != 1);                       //Check Timer1 Time-Out Flag
  94   2              clr_TF1;
  95   2              u32CNT --;
  96   2          }
  97   1          clr_TR1;                                    //Stop Timer1
  98   1      }
  99          //------------------------------------------------------------------------------
 100          void Timer2_Delay500us(UINT32 u32CNT)
 101          {
 102   1          clr_T2DIV2;                                 //Timer2 Clock = Fsys/4 
 103   1          clr_T2DIV1;
 104   1          set_T2DIV0;
 105   1          set_TR2;                                    //Start Timer2
 106   1          while (u32CNT != 0)
 107   1          {
 108   2              TL2 = LOBYTE(TIMER_DIV4_VALUE_500us);   //Find  define in "Function_define.h" "TIMER VALUE"
 109   2              TH2 = HIBYTE(TIMER_DIV4_VALUE_500us);
C51 COMPILER V9.60.0.0   DELAY                                                             12/01/2021 09:39:33 PAGE 3   

 110   2              while (TF2 != 1);                       //Check Timer2 Time-Out Flag
 111   2              clr_TF2;
 112   2              u32CNT --;
 113   2          }
 114   1          clr_TR2;                                    //Stop Timer2
 115   1      }
 116          //------------------------------------------------------------------------------
 117          void Timer3_Delay100ms(UINT32 u32CNT)
 118          {
 119   1          T3CON = 0x07;                               //Timer3 Clock = Fsys/128
 120   1          set_TR3;                                    //Trigger Timer3
 121   1          while (u32CNT != 0)
 122   1          {
 123   2              RL3 = LOBYTE(TIMER_DIV128_VALUE_100ms); //Find  define in "Function_define.h" "TIMER VALUE"
 124   2              RH3 = HIBYTE(TIMER_DIV128_VALUE_100ms);
 125   2              while ((T3CON&SET_BIT4) != SET_BIT4);   //Check Timer3 Time-Out Flag
 126   2              clr_TF3;
 127   2              u32CNT --;
 128   2          }
 129   1          clr_TR3;                                    //Stop Timer3
 130   1      }
 131          //------------------------------------------------------------------------------
 132          void Timer3_Delay10us(UINT32 u32CNT)
 133          {
 134   1          T3CON = 0x07;                               //Timer3 Clock = Fsys/128
 135   1          set_TR3;                                    //Trigger Timer3
 136   1          while (u32CNT != 0)
 137   1          {
 138   2              RL3 = LOBYTE(TIMER_DIV4_VALUE_10us); //Find  define in "Function_define.h" "TIMER VALUE"
 139   2              RH3 = HIBYTE(TIMER_DIV4_VALUE_10us);
 140   2              while ((T3CON&SET_BIT4) != SET_BIT4);   //Check Timer3 Time-Out Flag
 141   2              clr_TF3;
 142   2              u32CNT --;
 143   2          }
 144   1          clr_TR3;                                    //Stop Timer3
 145   1      }


MODULE INFORMATION:   STATIC OVERLAYABLE
   CODE SIZE        =    781    ----
   CONSTANT SIZE    =   ----    ----
   XDATA SIZE       =   ----    ----
   PDATA SIZE       =     40    ----
   DATA SIZE        =   ----    ----
   IDATA SIZE       =   ----    ----
   BIT SIZE         =      1    ----
END OF MODULE INFORMATION.


C51 COMPILATION COMPLETE.  0 WARNING(S),  0 ERROR(S)
